16:12:06 INFO  : Launching XSCT server: xsct.bat -n  -interactive D:\cpu_verilog\250905_AXI4_Lite_FndController\vitis\temp_xsdb_launch_script.tcl
16:12:06 INFO  : Registering command handlers for Vitis TCF services
16:12:09 INFO  : XSCT server has started successfully.
16:12:10 INFO  : Platform repository initialization has completed.
16:12:13 INFO  : plnx-install-location is set to ''
16:12:13 INFO  : Successfully done setting XSCT server connection channel  
16:12:13 INFO  : Successfully done query RDI_DATADIR 
16:12:13 INFO  : Successfully done setting workspace for the tool. 
16:16:09 INFO  : Result from executing command 'getProjects': design_1_wrapper
16:16:09 INFO  : Result from executing command 'getPlatforms': 
16:16:09 WARN  : An unexpected exception occurred in the module 'platform project logging'
16:16:09 INFO  : Platform 'design_1_wrapper' is added to custom repositories.
16:16:12 INFO  : Platform 'design_1_wrapper' is added to custom repositories.
16:17:29 INFO  : Result from executing command 'getProjects': design_1_wrapper
16:17:29 INFO  : Result from executing command 'getPlatforms': design_1_wrapper|D:/cpu_verilog/250905_AXI4_Lite_FndController/vitis/design_1_wrapper/export/design_1_wrapper/design_1_wrapper.xpfm
16:17:30 INFO  : Checking for BSP changes to sync application flags for project 'fndController'...
16:21:13 INFO  : Connected to target on host '127.0.0.1' and port '3121'.
16:21:13 INFO  : Jtag cable 'Digilent Basys3 210183B31235A' is selected.
16:21:13 INFO  : 'jtag frequency' command is executed.
16:21:13 INFO  : 'targets -set -filter {jtag_cable_name =~ "Digilent Basys3 210183B31235A" && level==0 && jtag_device_ctx=="jsn-Basys3-210183B31235A-0362d093-0"}' command is executed.
16:21:14 INFO  : Device configured successfully with "D:/cpu_verilog/250905_AXI4_Lite_FndController/vitis/fndController/_ide/bitstream/design_1_wrapper.bit"
16:21:14 INFO  : Context for processor 'microblaze_0' is selected.
16:21:14 INFO  : Hardware design and registers information is loaded from 'D:/cpu_verilog/250905_AXI4_Lite_FndController/vitis/design_1_wrapper/export/design_1_wrapper/hw/design_1_wrapper.xsa'.
16:21:14 INFO  : 'configparams mdm-detect-bscan-mask 2' command is executed.
16:21:14 INFO  : Context for processor 'microblaze_0' is selected.
16:21:14 INFO  : System reset is completed.
16:21:17 INFO  : 'after 3000' command is executed.
16:21:17 INFO  : Context for processor 'microblaze_0' is selected.
16:21:17 INFO  : The application 'D:/cpu_verilog/250905_AXI4_Lite_FndController/vitis/fndController/Debug/fndController.elf' is downloaded to processor 'microblaze_0'.
16:21:17 INFO  : ----------------XSDB Script----------------
connect -url tcp:127.0.0.1:3121
targets -set -filter {jtag_cable_name =~ "Digilent Basys3 210183B31235A" && level==0 && jtag_device_ctx=="jsn-Basys3-210183B31235A-0362d093-0"}
fpga -file D:/cpu_verilog/250905_AXI4_Lite_FndController/vitis/fndController/_ide/bitstream/design_1_wrapper.bit
targets -set -nocase -filter {name =~ "*microblaze*#0" && bscan=="USER2" }
loadhw -hw D:/cpu_verilog/250905_AXI4_Lite_FndController/vitis/design_1_wrapper/export/design_1_wrapper/hw/design_1_wrapper.xsa -regs
configparams mdm-detect-bscan-mask 2
targets -set -nocase -filter {name =~ "*microblaze*#0" && bscan=="USER2" }
rst -system
after 3000
targets -set -nocase -filter {name =~ "*microblaze*#0" && bscan=="USER2" }
dow D:/cpu_verilog/250905_AXI4_Lite_FndController/vitis/fndController/Debug/fndController.elf
----------------End of Script----------------

16:21:17 INFO  : Context for processor 'microblaze_0' is selected.
16:21:17 INFO  : 'con' command is executed.
16:21:17 INFO  : ----------------XSDB Script (After Launch)----------------
targets -set -nocase -filter {name =~ "*microblaze*#0" && bscan=="USER2" }
con
----------------End of Script----------------

16:21:17 INFO  : Launch script is exported to file 'D:\cpu_verilog\250905_AXI4_Lite_FndController\vitis\fndController_system\_ide\scripts\debugger_fndcontroller-default.tcl'
16:22:04 INFO  : Disconnected from the channel tcfchan#2.
16:22:05 INFO  : Connected to target on host '127.0.0.1' and port '3121'.
16:22:05 INFO  : Jtag cable 'Digilent Basys3 210183B31235A' is selected.
16:22:05 INFO  : 'jtag frequency' command is executed.
16:22:05 INFO  : 'targets -set -filter {jtag_cable_name =~ "Digilent Basys3 210183B31235A" && level==0 && jtag_device_ctx=="jsn-Basys3-210183B31235A-0362d093-0"}' command is executed.
16:22:05 INFO  : Device configured successfully with "D:/cpu_verilog/250905_AXI4_Lite_FndController/vitis/fndController/_ide/bitstream/design_1_wrapper.bit"
16:22:05 INFO  : Context for processor 'microblaze_0' is selected.
16:22:05 INFO  : Hardware design and registers information is loaded from 'D:/cpu_verilog/250905_AXI4_Lite_FndController/vitis/design_1_wrapper/export/design_1_wrapper/hw/design_1_wrapper.xsa'.
16:22:05 INFO  : 'configparams mdm-detect-bscan-mask 2' command is executed.
16:22:05 INFO  : Context for processor 'microblaze_0' is selected.
16:22:05 INFO  : System reset is completed.
16:22:08 INFO  : 'after 3000' command is executed.
16:22:08 INFO  : Context for processor 'microblaze_0' is selected.
16:22:08 INFO  : The application 'D:/cpu_verilog/250905_AXI4_Lite_FndController/vitis/fndController/Debug/fndController.elf' is downloaded to processor 'microblaze_0'.
16:22:08 INFO  : ----------------XSDB Script----------------
connect -url tcp:127.0.0.1:3121
targets -set -filter {jtag_cable_name =~ "Digilent Basys3 210183B31235A" && level==0 && jtag_device_ctx=="jsn-Basys3-210183B31235A-0362d093-0"}
fpga -file D:/cpu_verilog/250905_AXI4_Lite_FndController/vitis/fndController/_ide/bitstream/design_1_wrapper.bit
targets -set -nocase -filter {name =~ "*microblaze*#0" && bscan=="USER2" }
loadhw -hw D:/cpu_verilog/250905_AXI4_Lite_FndController/vitis/design_1_wrapper/export/design_1_wrapper/hw/design_1_wrapper.xsa -regs
configparams mdm-detect-bscan-mask 2
targets -set -nocase -filter {name =~ "*microblaze*#0" && bscan=="USER2" }
rst -system
after 3000
targets -set -nocase -filter {name =~ "*microblaze*#0" && bscan=="USER2" }
dow D:/cpu_verilog/250905_AXI4_Lite_FndController/vitis/fndController/Debug/fndController.elf
----------------End of Script----------------

16:22:09 INFO  : Context for processor 'microblaze_0' is selected.
16:22:09 INFO  : 'con' command is executed.
16:22:09 INFO  : ----------------XSDB Script (After Launch)----------------
targets -set -nocase -filter {name =~ "*microblaze*#0" && bscan=="USER2" }
con
----------------End of Script----------------

16:22:09 INFO  : Launch script is exported to file 'D:\cpu_verilog\250905_AXI4_Lite_FndController\vitis\fndController_system\_ide\scripts\debugger_fndcontroller-default.tcl'
16:23:04 INFO  : Disconnected from the channel tcfchan#3.
16:23:05 INFO  : Connected to target on host '127.0.0.1' and port '3121'.
16:23:05 INFO  : Jtag cable 'Digilent Basys3 210183B31235A' is selected.
16:23:05 INFO  : 'jtag frequency' command is executed.
16:23:05 INFO  : 'targets -set -filter {jtag_cable_name =~ "Digilent Basys3 210183B31235A" && level==0 && jtag_device_ctx=="jsn-Basys3-210183B31235A-0362d093-0"}' command is executed.
16:23:06 INFO  : Device configured successfully with "D:/cpu_verilog/250905_AXI4_Lite_FndController/vitis/fndController/_ide/bitstream/design_1_wrapper.bit"
16:23:06 INFO  : Context for processor 'microblaze_0' is selected.
16:23:06 INFO  : Hardware design and registers information is loaded from 'D:/cpu_verilog/250905_AXI4_Lite_FndController/vitis/design_1_wrapper/export/design_1_wrapper/hw/design_1_wrapper.xsa'.
16:23:06 INFO  : 'configparams mdm-detect-bscan-mask 2' command is executed.
16:23:06 INFO  : Context for processor 'microblaze_0' is selected.
16:23:06 INFO  : System reset is completed.
16:23:09 INFO  : 'after 3000' command is executed.
16:23:09 INFO  : Context for processor 'microblaze_0' is selected.
16:23:09 INFO  : The application 'D:/cpu_verilog/250905_AXI4_Lite_FndController/vitis/fndController/Debug/fndController.elf' is downloaded to processor 'microblaze_0'.
16:23:09 INFO  : ----------------XSDB Script----------------
connect -url tcp:127.0.0.1:3121
targets -set -filter {jtag_cable_name =~ "Digilent Basys3 210183B31235A" && level==0 && jtag_device_ctx=="jsn-Basys3-210183B31235A-0362d093-0"}
fpga -file D:/cpu_verilog/250905_AXI4_Lite_FndController/vitis/fndController/_ide/bitstream/design_1_wrapper.bit
targets -set -nocase -filter {name =~ "*microblaze*#0" && bscan=="USER2" }
loadhw -hw D:/cpu_verilog/250905_AXI4_Lite_FndController/vitis/design_1_wrapper/export/design_1_wrapper/hw/design_1_wrapper.xsa -regs
configparams mdm-detect-bscan-mask 2
targets -set -nocase -filter {name =~ "*microblaze*#0" && bscan=="USER2" }
rst -system
after 3000
targets -set -nocase -filter {name =~ "*microblaze*#0" && bscan=="USER2" }
dow D:/cpu_verilog/250905_AXI4_Lite_FndController/vitis/fndController/Debug/fndController.elf
----------------End of Script----------------

16:23:09 INFO  : Context for processor 'microblaze_0' is selected.
16:23:09 INFO  : 'con' command is executed.
16:23:09 INFO  : ----------------XSDB Script (After Launch)----------------
targets -set -nocase -filter {name =~ "*microblaze*#0" && bscan=="USER2" }
con
----------------End of Script----------------

16:23:09 INFO  : Launch script is exported to file 'D:\cpu_verilog\250905_AXI4_Lite_FndController\vitis\fndController_system\_ide\scripts\debugger_fndcontroller-default.tcl'
16:43:20 INFO  : Checking for BSP changes to sync application flags for project 'fndController'...
16:44:35 INFO  : Checking for BSP changes to sync application flags for project 'fndController'...
16:45:04 INFO  : Disconnected from the channel tcfchan#4.
16:45:05 INFO  : Connected to target on host '127.0.0.1' and port '3121'.
16:45:05 INFO  : Jtag cable 'Digilent Basys3 210183B31235A' is selected.
16:45:05 INFO  : 'jtag frequency' command is executed.
16:45:05 INFO  : 'targets -set -filter {jtag_cable_name =~ "Digilent Basys3 210183B31235A" && level==0 && jtag_device_ctx=="jsn-Basys3-210183B31235A-0362d093-0"}' command is executed.
16:45:05 INFO  : Device configured successfully with "D:/cpu_verilog/250905_AXI4_Lite_FndController/vitis/fndController/_ide/bitstream/design_1_wrapper.bit"
16:45:05 INFO  : Context for processor 'microblaze_0' is selected.
16:45:05 INFO  : Hardware design and registers information is loaded from 'D:/cpu_verilog/250905_AXI4_Lite_FndController/vitis/design_1_wrapper/export/design_1_wrapper/hw/design_1_wrapper.xsa'.
16:45:05 INFO  : 'configparams mdm-detect-bscan-mask 2' command is executed.
16:45:05 INFO  : Context for processor 'microblaze_0' is selected.
16:45:05 INFO  : System reset is completed.
16:45:08 INFO  : 'after 3000' command is executed.
16:45:08 INFO  : Context for processor 'microblaze_0' is selected.
16:45:08 INFO  : The application 'D:/cpu_verilog/250905_AXI4_Lite_FndController/vitis/fndController/Debug/fndController.elf' is downloaded to processor 'microblaze_0'.
16:45:08 INFO  : ----------------XSDB Script----------------
connect -url tcp:127.0.0.1:3121
targets -set -filter {jtag_cable_name =~ "Digilent Basys3 210183B31235A" && level==0 && jtag_device_ctx=="jsn-Basys3-210183B31235A-0362d093-0"}
fpga -file D:/cpu_verilog/250905_AXI4_Lite_FndController/vitis/fndController/_ide/bitstream/design_1_wrapper.bit
targets -set -nocase -filter {name =~ "*microblaze*#0" && bscan=="USER2" }
loadhw -hw D:/cpu_verilog/250905_AXI4_Lite_FndController/vitis/design_1_wrapper/export/design_1_wrapper/hw/design_1_wrapper.xsa -regs
configparams mdm-detect-bscan-mask 2
targets -set -nocase -filter {name =~ "*microblaze*#0" && bscan=="USER2" }
rst -system
after 3000
targets -set -nocase -filter {name =~ "*microblaze*#0" && bscan=="USER2" }
dow D:/cpu_verilog/250905_AXI4_Lite_FndController/vitis/fndController/Debug/fndController.elf
----------------End of Script----------------

16:45:09 INFO  : Context for processor 'microblaze_0' is selected.
16:45:09 INFO  : 'con' command is executed.
16:45:09 INFO  : ----------------XSDB Script (After Launch)----------------
targets -set -nocase -filter {name =~ "*microblaze*#0" && bscan=="USER2" }
con
----------------End of Script----------------

16:45:09 INFO  : Launch script is exported to file 'D:\cpu_verilog\250905_AXI4_Lite_FndController\vitis\fndController_system\_ide\scripts\debugger_fndcontroller-default.tcl'
16:55:41 INFO  : Disconnected from the channel tcfchan#5.
